0 info it worked if it ends with ok
1 verbose cli [ '/usr/local/bin/node',
1 verbose cli   '/usr/local/bin/npm',
1 verbose cli   'install',
1 verbose cli   'angular.js' ]
2 info using npm@2.14.12
3 info using node@v4.2.4
4 verbose install initial load of /Applications/MAMP/htdocs/FlashTalking/package.json
5 warn package.json FlashTalker@1.0.0 No README data
6 warn package.json FlashTalker@1.0.0 No license field.
7 verbose installManyTop reading scoped package data from /Applications/MAMP/htdocs/FlashTalking/node_modules/angular/package.json
8 verbose installManyTop reading scoped package data from /Applications/MAMP/htdocs/FlashTalking/node_modules/assemble-less/package.json
9 verbose installManyTop reading scoped package data from /Applications/MAMP/htdocs/FlashTalking/node_modules/grunt/package.json
10 verbose installManyTop reading scoped package data from /Applications/MAMP/htdocs/FlashTalking/node_modules/grunt-contrib-compass/package.json
11 verbose installManyTop reading scoped package data from /Applications/MAMP/htdocs/FlashTalking/node_modules/grunt-contrib-concat/package.json
12 verbose installManyTop reading scoped package data from /Applications/MAMP/htdocs/FlashTalking/node_modules/grunt-contrib-jshint/package.json
13 verbose installManyTop reading scoped package data from /Applications/MAMP/htdocs/FlashTalking/node_modules/grunt-contrib-livereload/package.json
14 verbose installManyTop reading scoped package data from /Applications/MAMP/htdocs/FlashTalking/node_modules/grunt-contrib-sass/package.json
15 verbose installManyTop reading scoped package data from /Applications/MAMP/htdocs/FlashTalking/node_modules/grunt-contrib-uglify/package.json
16 verbose installManyTop reading scoped package data from /Applications/MAMP/htdocs/FlashTalking/node_modules/grunt-contrib-watch/package.json
17 verbose installManyTop reading scoped package data from /Applications/MAMP/htdocs/FlashTalking/node_modules/jquery/package.json
18 verbose installManyTop reading scoped package data from /Applications/MAMP/htdocs/FlashTalking/node_modules/jquery-once/package.json
19 info package.json assemble-less@0.7.0 No license field.
20 info package.json grunt-contrib-concat@0.4.0 No license field.
21 info package.json grunt-contrib-jshint@0.10.0 No license field.
22 info package.json grunt-contrib-livereload@0.1.2 No README data
23 info package.json grunt-contrib-livereload@0.1.2 No license field.
24 info package.json grunt-contrib-uglify@0.5.1 No license field.
25 info package.json grunt-contrib-watch@0.6.1 No license field.
26 info package.json grunt@0.4.5 No license field.
27 info package.json grunt-contrib-sass@0.9.2 No license field.
28 verbose readDependencies loading dependencies from /Applications/MAMP/htdocs/FlashTalking/package.json
29 silly cache add args [ 'angular.js', null ]
30 verbose cache add spec angular.js
31 silly cache add parsed spec Result {
31 silly cache add   raw: 'angular.js',
31 silly cache add   scope: null,
31 silly cache add   name: 'angular.js',
31 silly cache add   rawSpec: '',
31 silly cache add   spec: 'latest',
31 silly cache add   type: 'tag' }
32 silly addNamed angular.js@latest
33 verbose addNamed "latest" is being treated as a dist-tag for angular.js
34 info addNameTag [ 'angular.js', 'latest' ]
35 silly mapToRegistry name angular.js
36 silly mapToRegistry using default registry
37 silly mapToRegistry registry https://registry.npmjs.org/
38 silly mapToRegistry uri https://registry.npmjs.org/angular.js
39 verbose addNameTag registry:https://registry.npmjs.org/angular.js not in flight; fetching
40 verbose request uri https://registry.npmjs.org/angular.js
41 verbose request no auth needed
42 info attempt registry request try #1 at 5:24:25 PM
43 verbose request id e01e7da829f9b1cf
44 http request GET https://registry.npmjs.org/angular.js
45 http 404 https://registry.npmjs.org/angular.js
46 verbose headers { 'content-type': 'application/json',
46 verbose headers   'cache-control': 'max-age=0',
46 verbose headers   'content-length': '2',
46 verbose headers   'accept-ranges': 'bytes',
46 verbose headers   date: 'Sat, 20 Feb 2016 22:24:24 GMT',
46 verbose headers   via: '1.1 varnish',
46 verbose headers   age: '0',
46 verbose headers   connection: 'keep-alive',
46 verbose headers   'x-served-by': 'cache-jfk1032-JFK',
46 verbose headers   'x-cache': 'MISS',
46 verbose headers   'x-cache-hits': '0',
46 verbose headers   'x-timer': 'S1456007064.503522,VS0,VE375' }
47 silly get cb [ 404,
47 silly get   { 'content-type': 'application/json',
47 silly get     'cache-control': 'max-age=0',
47 silly get     'content-length': '2',
47 silly get     'accept-ranges': 'bytes',
47 silly get     date: 'Sat, 20 Feb 2016 22:24:24 GMT',
47 silly get     via: '1.1 varnish',
47 silly get     age: '0',
47 silly get     connection: 'keep-alive',
47 silly get     'x-served-by': 'cache-jfk1032-JFK',
47 silly get     'x-cache': 'MISS',
47 silly get     'x-cache-hits': '0',
47 silly get     'x-timer': 'S1456007064.503522,VS0,VE375' } ]
48 verbose stack Error: Registry returned 404 for GET on https://registry.npmjs.org/angular.js
48 verbose stack     at makeError (/usr/local/lib/node_modules/npm/node_modules/npm-registry-client/lib/request.js:264:12)
48 verbose stack     at CachingRegistryClient.<anonymous> (/usr/local/lib/node_modules/npm/node_modules/npm-registry-client/lib/request.js:242:14)
48 verbose stack     at Request._callback (/usr/local/lib/node_modules/npm/node_modules/npm-registry-client/lib/request.js:172:14)
48 verbose stack     at Request.self.callback (/usr/local/lib/node_modules/npm/node_modules/request/request.js:198:22)
48 verbose stack     at emitTwo (events.js:87:13)
48 verbose stack     at Request.emit (events.js:172:7)
48 verbose stack     at Request.<anonymous> (/usr/local/lib/node_modules/npm/node_modules/request/request.js:1082:10)
48 verbose stack     at emitOne (events.js:82:20)
48 verbose stack     at Request.emit (events.js:169:7)
48 verbose stack     at IncomingMessage.<anonymous> (/usr/local/lib/node_modules/npm/node_modules/request/request.js:1009:12)
49 verbose statusCode 404
50 verbose pkgid angular.js
51 verbose cwd /Applications/MAMP/htdocs/FlashTalking
52 error Darwin 15.3.0
53 error argv "/usr/local/bin/node" "/usr/local/bin/npm" "install" "angular.js"
54 error node v4.2.4
55 error npm  v2.14.12
56 error code E404
57 error 404 Registry returned 404 for GET on https://registry.npmjs.org/angular.js
57 error 404
57 error 404 'angular.js' is not in the npm registry.
57 error 404 You should bug the author to publish it (or use the name yourself!)
57 error 404 It was specified as a dependency of 'FlashTalker'
57 error 404
57 error 404 Note that you can also install from a
57 error 404 tarball, folder, http url, or git url.
58 verbose exit [ 1, true ]
